0 info it worked if it ends with ok
1 verbose cli [ 'node', '/usr/local/bin/npm', 'install', 'uglify', '--save-dev' ]
2 info using npm@1.4.28
3 info using node@v0.10.32
4 verbose readDependencies using package.json deps
5 verbose cache add [ 'uglify', null ]
6 verbose cache add name=undefined spec="uglify" args=["uglify",null]
7 verbose parsed url { protocol: null,
7 verbose parsed url   slashes: null,
7 verbose parsed url   auth: null,
7 verbose parsed url   host: null,
7 verbose parsed url   port: null,
7 verbose parsed url   hostname: null,
7 verbose parsed url   hash: null,
7 verbose parsed url   search: null,
7 verbose parsed url   query: null,
7 verbose parsed url   pathname: 'uglify',
7 verbose parsed url   path: 'uglify',
7 verbose parsed url   href: 'uglify' }
8 silly lockFile e8fa4098-uglify uglify
9 verbose lock uglify /Users/mboles/.npm/e8fa4098-uglify.lock
10 silly lockFile e8fa4098-uglify uglify
11 silly lockFile e8fa4098-uglify uglify
12 verbose addNamed [ 'uglify', '' ]
13 verbose addNamed [ null, '*' ]
14 silly lockFile 67e93562-uglify uglify@
15 verbose lock uglify@ /Users/mboles/.npm/67e93562-uglify.lock
16 silly addNameRange { name: 'uglify', range: '*', hasData: false }
17 verbose request where is /uglify
18 verbose request registry https://registry.npmjs.org/
19 verbose request id 8b74a31f34b9d604
20 verbose url raw /uglify
21 verbose url resolving [ 'https://registry.npmjs.org/', './uglify' ]
22 verbose url resolved https://registry.npmjs.org/uglify
23 verbose request where is https://registry.npmjs.org/uglify
24 info trying registry request attempt 1 at 09:46:04
25 http GET https://registry.npmjs.org/uglify
26 http 404 https://registry.npmjs.org/uglify
27 verbose headers { date: 'Wed, 24 Sep 2014 13:46:04 GMT',
27 verbose headers   server: 'CouchDB/1.5.0 (Erlang OTP/R16B03)',
27 verbose headers   'content-type': 'application/json',
27 verbose headers   'cache-control': 'max-age=0',
27 verbose headers   'content-length': '52',
27 verbose headers   'accept-ranges': 'bytes',
27 verbose headers   via: '1.1 varnish',
27 verbose headers   'x-served-by': 'cache-iad2125-IAD',
27 verbose headers   'x-cache': 'MISS',
27 verbose headers   'x-cache-hits': '0',
27 verbose headers   'x-timer': 'S1411566364.887462,VS0,VE57',
27 verbose headers   'keep-alive': 'timeout=10, max=50',
27 verbose headers   connection: 'Keep-Alive' }
28 silly registry.get cb [ 404,
28 silly registry.get   { date: 'Wed, 24 Sep 2014 13:46:04 GMT',
28 silly registry.get     server: 'CouchDB/1.5.0 (Erlang OTP/R16B03)',
28 silly registry.get     'content-type': 'application/json',
28 silly registry.get     'cache-control': 'max-age=0',
28 silly registry.get     'content-length': '52',
28 silly registry.get     'accept-ranges': 'bytes',
28 silly registry.get     via: '1.1 varnish',
28 silly registry.get     'x-served-by': 'cache-iad2125-IAD',
28 silly registry.get     'x-cache': 'MISS',
28 silly registry.get     'x-cache-hits': '0',
28 silly registry.get     'x-timer': 'S1411566364.887462,VS0,VE57',
28 silly registry.get     'keep-alive': 'timeout=10, max=50',
28 silly registry.get     connection: 'Keep-Alive' } ]
29 silly lockFile 67e93562-uglify uglify@
30 silly lockFile 67e93562-uglify uglify@
31 error 404 404 Not Found: uglify
31 error 404
31 error 404 'uglify' is not in the npm registry.
31 error 404 You should bug the author to publish it
31 error 404 It was specified as a dependency of 'makeMenu'
31 error 404
31 error 404 Note that you can also install from a
31 error 404 tarball, folder, or http url, or git url.
32 error System Darwin 13.4.0
33 error command "node" "/usr/local/bin/npm" "install" "uglify" "--save-dev"
34 error cwd /Users/mboles/git/BCL-developer-docs/en/grunt
35 error node -v v0.10.32
36 error npm -v 1.4.28
37 error code E404
38 verbose exit [ 1, true ]
